<?xml version="1.0" encoding="UTF-8"?>
<testsuite xmlns:xsi="http://www.w3.org/2001/XMLSchema-instance" xsi:noNamespaceSchemaLocation="https://maven.apache.org/surefire/maven-surefire-plugin/xsd/surefire-test-report.xsd" version="3.0.2" name="com.nt.ApplicationTests" time="4.545" tests="1" errors="0" skipped="0" failures="0">
  <properties>
[...]
</properties>
  <testcase name="contextLoads" classname="com.nt.ApplicationTests" time="0.691">
    <system-out><![CDATA[Standard Commons Logging discovery in action with spring-jcl: please remove commons-logging.jar from classpath in order to avoid potential conflicts
04:49:42.522 [main] INFO org.springframework.test.context.support.AnnotationConfigContextLoaderUtils -- Could not detect default configuration classes for test class [com.nt.ApplicationTests]: ApplicationTests does not declare any static, non-private, non-final, nested classes annotated with @Configuration.
04:49:42.615 [main] INFO org.springframework.boot.test.context.SpringBootTestContextBootstrapper -- Found @SpringBootConfiguration com.nt.Application for test class com.nt.ApplicationTests

  .   ____          _            __ _ _
 /\\ / ___'_ __ _ _(_)_ __  __ _ \ \ \ \
( ( )\___ | '_ | '_| | '_ \/ _` | \ \ \ \
 \\/  ___)| |_)| | | | | || (_| |  ) ) ) )
  '  |____| .__|_| |_|_| |_\__, | / / / /
 =========|_|==============|___/=/_/_/_/

 :: Spring Boot ::                (v3.4.2)

2025-02-18T04:49:43.158+05:30  INFO 12320 --- [01-EurekaServer] [           main] com.nt.ApplicationTests                  : Starting ApplicationTests using Java 21.0.1 with PID 12320 (started by DELL in C:\Users\DELL\OneDrive\Desktop\Projects - Spring\01-EurekaServer2)
2025-02-18T04:49:43.159+05:30  INFO 12320 --- [01-EurekaServer] [           main] com.nt.ApplicationTests                  : No active profile set, falling back to 1 default profile: "default"
2025-02-18T04:49:44.242+05:30  INFO 12320 --- [01-EurekaServer] [           main] o.s.cloud.context.scope.GenericScope     : BeanFactory id=3b03fe3d-bc31-3247-b0d6-417b7af5c111
2025-02-18T04:49:44.685+05:30  INFO 12320 --- [01-EurekaServer] [           main] o.s.v.b.OptionalValidatorFactoryBean     : Failed to set up a Bean Validation provider: jakarta.validation.NoProviderFoundException: Unable to create a Configuration, because no Jakarta Bean Validation provider could be found. Add a provider like Hibernate Validator (RI) to your classpath.
2025-02-18T04:49:45.498+05:30  WARN 12320 --- [01-EurekaServer] [           main] iguration$LoadBalancerCaffeineWarnLogger : Spring Cloud LoadBalancer is currently working with the default cache. While this cache implementation is useful for development and tests, it's recommended to use Caffeine cache in production.You can switch to using Caffeine cache, by adding it and org.springframework.cache.caffeine.CaffeineCacheManager to the classpath.
2025-02-18T04:49:45.713+05:30  INFO 12320 --- [01-EurekaServer] [           main] o.s.c.n.eureka.InstanceInfoFactory       : Setting initial instance status as: STARTING
2025-02-18T04:49:45.737+05:30  INFO 12320 --- [01-EurekaServer] [           main] com.netflix.discovery.DiscoveryClient    : Initializing Eureka in region us-east-1
2025-02-18T04:49:45.738+05:30  INFO 12320 --- [01-EurekaServer] [           main] com.netflix.discovery.DiscoveryClient    : Client configured to neither register nor query for data.
2025-02-18T04:49:45.740+05:30  INFO 12320 --- [01-EurekaServer] [           main] com.netflix.discovery.DiscoveryClient    : Discovery Client initialized at timestamp 1739834385739 with initial instances count: 0
2025-02-18T04:49:45.785+05:30  INFO 12320 --- [01-EurekaServer] [           main] c.n.eureka.DefaultEurekaServerContext    : Initializing ...
2025-02-18T04:49:45.786+05:30  INFO 12320 --- [01-EurekaServer] [           main] c.n.eureka.cluster.PeerEurekaNodes       : Adding new peer nodes [http://localhost:8761/eureka/]
2025-02-18T04:49:45.923+05:30  INFO 12320 --- [01-EurekaServer] [           main] c.n.d.provider.DiscoveryJerseyProvider   : Using JSON encoding codec LegacyJacksonJson
2025-02-18T04:49:45.923+05:30  INFO 12320 --- [01-EurekaServer] [           main] c.n.d.provider.DiscoveryJerseyProvider   : Using JSON decoding codec LegacyJacksonJson
2025-02-18T04:49:45.923+05:30  INFO 12320 --- [01-EurekaServer] [           main] c.n.d.provider.DiscoveryJerseyProvider   : Using XML encoding codec XStreamXml
2025-02-18T04:49:45.923+05:30  INFO 12320 --- [01-EurekaServer] [           main] c.n.d.provider.DiscoveryJerseyProvider   : Using XML decoding codec XStreamXml
2025-02-18T04:49:45.978+05:30  INFO 12320 --- [01-EurekaServer] [           main] c.n.eureka.cluster.PeerEurekaNodes       : Replica node URL:  http://localhost:8761/eureka/
2025-02-18T04:49:45.984+05:30  INFO 12320 --- [01-EurekaServer] [           main] c.n.e.registry.AbstractInstanceRegistry  : Finished initializing remote region registries. All known remote regions: []
2025-02-18T04:49:45.984+05:30  INFO 12320 --- [01-EurekaServer] [           main] c.n.eureka.DefaultEurekaServerContext    : Initialized
2025-02-18T04:49:46.078+05:30  INFO 12320 --- [01-EurekaServer] [           main] o.s.b.a.e.web.EndpointLinksResolver      : Exposing 1 endpoint beneath base path '/actuator'
2025-02-18T04:49:46.131+05:30  INFO 12320 --- [01-EurekaServer] [           main] o.s.c.n.e.s.EurekaServiceRegistry        : Registering application 01-EUREKASERVER with eureka with status UP
2025-02-18T04:49:46.144+05:30  INFO 12320 --- [01-EurekaServer] [      Thread-10] o.s.c.n.e.server.EurekaServerBootstrap   : isAws returned false
2025-02-18T04:49:46.145+05:30  INFO 12320 --- [01-EurekaServer] [      Thread-10] o.s.c.n.e.server.EurekaServerBootstrap   : Initialized server context
2025-02-18T04:49:46.145+05:30  INFO 12320 --- [01-EurekaServer] [      Thread-10] c.n.e.r.PeerAwareInstanceRegistryImpl    : Got 1 instances from neighboring DS node
2025-02-18T04:49:46.145+05:30  INFO 12320 --- [01-EurekaServer] [      Thread-10] c.n.e.r.PeerAwareInstanceRegistryImpl    : Renew threshold is: 1
2025-02-18T04:49:46.146+05:30  INFO 12320 --- [01-EurekaServer] [      Thread-10] c.n.e.r.PeerAwareInstanceRegistryImpl    : Changing status to UP
2025-02-18T04:49:46.146+05:30  INFO 12320 --- [01-EurekaServer] [           main] com.nt.ApplicationTests                  : Started ApplicationTests in 3.271 seconds (process running for 4.229)
2025-02-18T04:49:46.148+05:30  INFO 12320 --- [01-EurekaServer] [      Thread-10] e.s.EurekaServerInitializerConfiguration : Started Eureka Server
]]></system-out>
    <system-err><![CDATA[Mockito is currently self-attaching to enable the inline-mock-maker. This will no longer work in future releases of the JDK. Please add Mockito as an agent to your build what is described in Mockito's documentation: https://javadoc.io/doc/org.mockito/mockito-core/latest/org/mockito/Mockito.html#0.3
WARNING: A Java agent has been loaded dynamically (C:\Users\DELL\.m2\repository\net\bytebuddy\byte-buddy-agent\1.15.11\byte-buddy-agent-1.15.11.jar)
WARNING: If a serviceability tool is in use, please run with -XX:+EnableDynamicAgentLoading to hide this warning
WARNING: If a serviceability tool is not in use, please run with -Djdk.instrument.traceUsage for more information
WARNING: Dynamic loading of agents will be disallowed by default in a future release
]]></system-err>
  </testcase>
</testsuite>